WARNING:gateway.main:A2A module not available — running without Astra integration
INFO:     Started server process [87383]
INFO:     Waiting for application startup.
INFO:gateway.main:WhatsApp Gateway starting on 0.0.0.0:8600
INFO:     Application startup complete.
INFO:     Uvicorn running on http://0.0.0.0:8600 (Press CTRL+C to quit)
INFO:     Shutting down
INFO:     Waiting for application shutdown.
INFO:gateway.main:WhatsApp Gateway shut down
INFO:     Application shutdown complete.
INFO:     Finished server process [87383]
WARNING:gateway.main:A2A module not available — running without Astra integration
INFO:     Started server process [13447]
INFO:     Waiting for application startup.
INFO:gateway.main:WhatsApp Gateway starting on 0.0.0.0:8600
INFO:     Application startup complete.
INFO:     Uvicorn running on http://0.0.0.0:8600 (Press CTRL+C to quit)
INFO:     Shutting down
INFO:     Waiting for application shutdown.
INFO:gateway.main:WhatsApp Gateway shut down
INFO:     Application shutdown complete.
INFO:     Finished server process [13447]
